<?xml version="1.0" encoding="UTF-8"?>
<!-- Generated by org.testng.reporters.JUnitReportReporter -->
<testsuite hostname="Home" failures="0" tests="3" name="com.ecommerce.testcases.TC_MyAccountDataDriven" time="7.906" errors="0" timestamp="2024-12-18T00:29:57 IST" skipped="1">
  <testcase classname="com.ecommerce.testcases.TC_MyAccountDataDriven" name="verifyLogin" time="4.236"/>
  <testcase classname="com.ecommerce.testcases.TC_MyAccountDataDriven" name="verifyLogin" time="3.670"/>
  <testcase classname="com.ecommerce.testcases.TC_MyAccountDataDriven" name="verifyRegistrationandLogin">
    <skipped/>
  </testcase> <!-- verifyRegistrationandLogin -->
</testsuite> <!-- com.ecommerce.testcases.TC_MyAccountDataDriven -->
