<?xml version="1.0" encoding="UTF-8"?>
<!-- Generated by org.testng.reporters.JUnitReportReporter -->
<testsuite hostname="Home" failures="0" tests="2" name="com.ecommerce.testcases.TC_ProductPageTest" time="82.947" errors="0" timestamp="2024-12-18T00:29:57 IST" skipped="0">
  <testcase classname="com.ecommerce.testcases.TC_ProductPageTest" name="VerifyBuyProduct" time="74.425"/>
  <testcase classname="com.ecommerce.testcases.TC_ProductPageTest" name="VerifySearchProduct" time="8.522"/>
</testsuite> <!-- com.ecommerce.testcases.TC_ProductPageTest -->
